
> user-management-frontend@0.0.0 start
> ng serve --proxy-config proxy.conf.json --host 127.0.0.1 --port 4300

[33m>[39m Building...
[32m√[39m Building...
[1mInitial chunk files[22m[2m | [22m[1mNames[22m        [2m | [22m [1mRaw size[22m
[32mmain.js[39m            [2m | [22m[2mmain[22m         [2m | [22m  [36m3.67 kB[39m[2m | [22m
[32mstyles.css[39m         [2m | [22m[2mstyles[22m       [2m | [22m[36m257 bytes[39m[2m | [22m

[1m [22m                  [2m | [22m[1mInitial total[22m[2m | [22m  [1m3.93 kB[22m

[1mLazy chunk files[22m   [2m | [22m[1mNames[22m        [2m | [22m [1mRaw size[22m
[32mchunk-6R35EK3K.js[39m  [2m | [22m[2mlogin[22m        [2m | [22m [36m10.80 kB[39m[2m | [22m
[32mchunk-7JENKP45.js[39m  [2m | [22m[2musers[22m        [2m | [22m  [36m8.76 kB[39m[2m | [22m
[32mchunk-MOZO67VQ.js[39m  [2m | [22m[2m-[22m            [2m | [22m  [36m1.28 kB[39m[2m | [22m

Application bundle generation complete. [1.486 seconds] - 2026-04-29T19:54:49.413Z

Watch mode enabled. Watching for file changes...
NOTE: Raw file sizes do not reflect development server per-request transformations.
  [32m➜[39m  [1mLocal[22m:   [36mhttp://127.0.0.1:[1m4300[22m/[39m
[33m>[39m Changes detected. Rebuilding...
[32m√[39m Changes detected. Rebuilding...
Application bundle generation failed. [0.322 seconds] - 2026-04-29T19:56:58.640Z

[33m>[39m Changes detected. Rebuilding...
[32m√[39m Changes detected. Rebuilding...
[1mInitial chunk files[22m[2m | [22m[1mNames[22m        [2m | [22m [1mRaw size[22m
[32mmain.js[39m            [2m | [22m[2mmain[22m         [2m | [22m  [36m3.67 kB[39m[2m | [22m
[32mstyles.css[39m         [2m | [22m[2mstyles[22m       [2m | [22m[36m257 bytes[39m[2m | [22m

[1m [22m                  [2m | [22m[1mInitial total[22m[2m | [22m  [1m3.93 kB[22m

[1mLazy chunk files[22m   [2m | [22m[1mNames[22m        [2m | [22m [1mRaw size[22m
[32mchunk-6R35EK3K.js[39m  [2m | [22m[2mlogin[22m        [2m | [22m [36m10.80 kB[39m[2m | [22m
[32mchunk-MDOEZRFP.js[39m  [2m | [22m[2musers[22m        [2m | [22m  [36m8.83 kB[39m[2m | [22m
[32mchunk-MOZO67VQ.js[39m  [2m | [22m[2m-[22m            [2m | [22m  [36m1.28 kB[39m[2m | [22m

Application bundle generation complete. [0.249 seconds] - 2026-04-29T19:57:10.845Z

Page reload sent to client(s).
[33m>[39m Changes detected. Rebuilding...
[32m√[39m Changes detected. Rebuilding...
Application bundle generation failed. [0.228 seconds] - 2026-04-29T19:57:22.986Z

[33m>[39m Changes detected. Rebuilding...
[32m√[39m Changes detected. Rebuilding...
Application bundle generation failed. [0.214 seconds] - 2026-04-29T19:58:06.984Z

[33m>[39m Changes detected. Rebuilding...
[32m√[39m Changes detected. Rebuilding...
Application bundle generation failed. [0.172 seconds] - 2026-04-29T19:58:10.355Z

[33m>[39m Changes detected. Rebuilding...
[32m√[39m Changes detected. Rebuilding...
Application bundle generation failed. [0.149 seconds] - 2026-04-29T19:58:41.856Z

[33m>[39m Changes detected. Rebuilding...
[32m√[39m Changes detected. Rebuilding...
Application bundle generation failed. [0.170 seconds] - 2026-04-29T19:59:13.046Z

[33m>[39m Changes detected. Rebuilding...
[32m√[39m Changes detected. Rebuilding...
[1mInitial chunk files[22m[2m | [22m[1mNames[22m        [2m | [22m [1mRaw size[22m
[32mmain.js[39m            [2m | [22m[2mmain[22m         [2m | [22m  [36m3.67 kB[39m[2m | [22m
[32mstyles.css[39m         [2m | [22m[2mstyles[22m       [2m | [22m[36m257 bytes[39m[2m | [22m

[1m [22m                  [2m | [22m[1mInitial total[22m[2m | [22m  [1m3.93 kB[22m

[1mLazy chunk files[22m   [2m | [22m[1mNames[22m        [2m | [22m [1mRaw size[22m
[32mchunk-6R35EK3K.js[39m  [2m | [22m[2mlogin[22m        [2m | [22m [36m10.80 kB[39m[2m | [22m
[32mchunk-CHHX63OB.js[39m  [2m | [22m[2musers[22m        [2m | [22m  [36m9.01 kB[39m[2m | [22m
[32mchunk-MOZO67VQ.js[39m  [2m | [22m[2m-[22m            [2m | [22m  [36m1.28 kB[39m[2m | [22m

Application bundle generation complete. [0.260 seconds] - 2026-04-29T20:01:03.613Z

Page reload sent to client(s).
[33m>[39m Changes detected. Rebuilding...
[32m√[39m Changes detected. Rebuilding...
[1mInitial chunk files[22m[2m | [22m[1mNames[22m        [2m | [22m [1mRaw size[22m
[32mmain.js[39m            [2m | [22m[2mmain[22m         [2m | [22m  [36m3.67 kB[39m[2m | [22m
[32mstyles.css[39m         [2m | [22m[2mstyles[22m       [2m | [22m[36m257 bytes[39m[2m | [22m

[1m [22m                  [2m | [22m[1mInitial total[22m[2m | [22m  [1m3.93 kB[22m

[1mLazy chunk files[22m   [2m | [22m[1mNames[22m        [2m | [22m [1mRaw size[22m
[32mchunk-6R35EK3K.js[39m  [2m | [22m[2mlogin[22m        [2m | [22m [36m10.80 kB[39m[2m | [22m
[32mchunk-CHHX63OB.js[39m  [2m | [22m[2musers[22m        [2m | [22m  [36m9.01 kB[39m[2m | [22m
[32mchunk-MOZO67VQ.js[39m  [2m | [22m[2m-[22m            [2m | [22m  [36m1.28 kB[39m[2m | [22m

Application bundle generation complete. [0.154 seconds] - 2026-04-29T20:01:43.721Z

Component update sent to client(s).
[33m>[39m Changes detected. Rebuilding...
[32m√[39m Changes detected. Rebuilding...
[1mInitial chunk files[22m[2m | [22m[1mNames[22m[2m | [22m[1mRaw size[22m
[32mmain.js[39m            [2m | [22m[2mmain[22m [2m | [22m [36m3.67 kB[39m[2m | [22m

[1mLazy chunk files[22m   [2m | [22m[1mNames[22m[2m | [22m[1mRaw size[22m
[32mchunk-7I4QDPBA.js[39m  [2m | [22m[2mlogin[22m[2m | [22m[36m10.80 kB[39m[2m | [22m
[32mchunk-APLJBIX7.js[39m  [2m | [22m[2musers[22m[2m | [22m [36m9.01 kB[39m[2m | [22m
[32mchunk-64VQMD3G.js[39m  [2m | [22m[2m-[22m    [2m | [22m [36m1.30 kB[39m[2m | [22m

Application bundle generation complete. [0.109 seconds] - 2026-04-29T20:04:09.002Z

Page reload sent to client(s).
[33m>[39m Changes detected. Rebuilding...
[32m√[39m Changes detected. Rebuilding...
[1mInitial chunk files[22m[2m | [22m[1mNames[22m[2m | [22m[1mRaw size[22m
[32mmain.js[39m            [2m | [22m[2mmain[22m [2m | [22m [36m3.67 kB[39m[2m | [22m

[1mLazy chunk files[22m   [2m | [22m[1mNames[22m[2m | [22m[1mRaw size[22m
[32mchunk-ZIJGIE56.js[39m  [2m | [22m[2mlogin[22m[2m | [22m[36m10.80 kB[39m[2m | [22m
[32mchunk-7AZ2MKM3.js[39m  [2m | [22m[2musers[22m[2m | [22m [36m9.01 kB[39m[2m | [22m
[32mchunk-MH3W5UOZ.js[39m  [2m | [22m[2m-[22m    [2m | [22m [36m1.46 kB[39m[2m | [22m

Application bundle generation complete. [0.152 seconds] - 2026-04-29T20:04:19.358Z

Page reload sent to client(s).
[33m>[39m Changes detected. Rebuilding...
[32m√[39m Changes detected. Rebuilding...
Application bundle generation failed. [0.130 seconds] - 2026-04-29T20:04:37.652Z

[33m>[39m Changes detected. Rebuilding...
[32m√[39m Changes detected. Rebuilding...
Application bundle generation failed. [0.274 seconds] - 2026-04-29T20:04:39.162Z

[33m>[39m Changes detected. Rebuilding...
[32m√[39m Changes detected. Rebuilding...
[1mInitial chunk files[22m[2m | [22m[1mNames[22m        [2m | [22m [1mRaw size[22m
[32mmain.js[39m            [2m | [22m[2mmain[22m         [2m | [22m  [36m3.67 kB[39m[2m | [22m
[32mstyles.css[39m         [2m | [22m[2mstyles[22m       [2m | [22m[36m257 bytes[39m[2m | [22m

[1m [22m                  [2m | [22m[1mInitial total[22m[2m | [22m  [1m3.93 kB[22m

[1mLazy chunk files[22m   [2m | [22m[1mNames[22m        [2m | [22m [1mRaw size[22m
[32mchunk-ZIJGIE56.js[39m  [2m | [22m[2mlogin[22m        [2m | [22m [36m10.80 kB[39m[2m | [22m
[32mchunk-QKOYXU36.js[39m  [2m | [22m[2musers[22m        [2m | [22m  [36m9.25 kB[39m[2m | [22m
[32mchunk-MH3W5UOZ.js[39m  [2m | [22m[2m-[22m            [2m | [22m  [36m1.46 kB[39m[2m | [22m

Application bundle generation complete. [0.200 seconds] - 2026-04-29T20:05:47.614Z

Page reload sent to client(s).
[33m>[39m Changes detected. Rebuilding...
[32m√[39m Changes detected. Rebuilding...
[1mInitial chunk files[22m[2m | [22m[1mNames[22m[2m | [22m[1mRaw size[22m
[32mmain.js[39m            [2m | [22m[2mmain[22m [2m | [22m [36m3.67 kB[39m[2m | [22m

[1mLazy chunk files[22m   [2m | [22m[1mNames[22m[2m | [22m[1mRaw size[22m
[32mchunk-JFTA7V4S.js[39m  [2m | [22m[2musers[22m[2m | [22m [36m9.27 kB[39m[2m | [22m

Application bundle generation complete. [0.126 seconds] - 2026-04-29T20:08:59.932Z

Page reload sent to client(s).
[33m>[39m Changes detected. Rebuilding...
[32m√[39m Changes detected. Rebuilding...
[1mInitial chunk files[22m[2m | [22m[1mNames[22m[2m | [22m[1mRaw size[22m
[32mmain.js[39m            [2m | [22m[2mmain[22m [2m | [22m [36m3.67 kB[39m[2m | [22m

[1mLazy chunk files[22m   [2m | [22m[1mNames[22m[2m | [22m[1mRaw size[22m
[32mchunk-ZKUP3QTE.js[39m  [2m | [22m[2musers[22m[2m | [22m [36m9.30 kB[39m[2m | [22m

Application bundle generation complete. [0.157 seconds] - 2026-04-29T20:09:28.638Z

Page reload sent to client(s).
[33m>[39m Changes detected. Rebuilding...
[32m√[39m Changes detected. Rebuilding...
[1mInitial chunk files[22m[2m | [22m[1mNames[22m[2m | [22m[1mRaw size[22m
[32mmain.js[39m            [2m | [22m[2mmain[22m [2m | [22m [36m3.67 kB[39m[2m | [22m

[1mLazy chunk files[22m   [2m | [22m[1mNames[22m[2m | [22m[1mRaw size[22m
[32mchunk-CMVL3C5V.js[39m  [2m | [22m[2musers[22m[2m | [22m [36m9.30 kB[39m[2m | [22m

Application bundle generation complete. [0.126 seconds] - 2026-04-29T20:09:54.314Z

Page reload sent to client(s).
[33m>[39m Changes detected. Rebuilding...
[32m√[39m Changes detected. Rebuilding...
Application bundle generation failed. [0.071 seconds] - 2026-04-29T20:10:33.804Z

[33m>[39m Changes detected. Rebuilding...
[32m√[39m Changes detected. Rebuilding...
[1mInitial chunk files[22m[2m | [22m[1mNames[22m        [2m | [22m [1mRaw size[22m
[32mmain.js[39m            [2m | [22m[2mmain[22m         [2m | [22m  [36m3.67 kB[39m[2m | [22m
[32mstyles.css[39m         [2m | [22m[2mstyles[22m       [2m | [22m[36m257 bytes[39m[2m | [22m

[1m [22m                  [2m | [22m[1mInitial total[22m[2m | [22m  [1m3.93 kB[22m

[1mLazy chunk files[22m   [2m | [22m[1mNames[22m        [2m | [22m [1mRaw size[22m
[32mchunk-ZIJGIE56.js[39m  [2m | [22m[2mlogin[22m        [2m | [22m [36m10.80 kB[39m[2m | [22m
[32mchunk-CMVL3C5V.js[39m  [2m | [22m[2musers[22m        [2m | [22m  [36m9.30 kB[39m[2m | [22m
[32mchunk-MH3W5UOZ.js[39m  [2m | [22m[2m-[22m            [2m | [22m  [36m1.46 kB[39m[2m | [22m

Application bundle generation complete. [0.075 seconds] - 2026-04-29T20:10:52.797Z

Page reload sent to client(s).
[33m>[39m Changes detected. Rebuilding...
[32m√[39m Changes detected. Rebuilding...
[1mInitial chunk files[22m[2m | [22m[1mNames[22m        [2m | [22m [1mRaw size[22m
[32mmain.js[39m            [2m | [22m[2mmain[22m         [2m | [22m  [36m3.67 kB[39m[2m | [22m
[32mstyles.css[39m         [2m | [22m[2mstyles[22m       [2m | [22m[36m257 bytes[39m[2m | [22m

[1m [22m                  [2m | [22m[1mInitial total[22m[2m | [22m  [1m3.93 kB[22m

[1mLazy chunk files[22m   [2m | [22m[1mNames[22m        [2m | [22m [1mRaw size[22m
[32mchunk-ZIJGIE56.js[39m  [2m | [22m[2mlogin[22m        [2m | [22m [36m10.80 kB[39m[2m | [22m
[32mchunk-CMVL3C5V.js[39m  [2m | [22m[2musers[22m        [2m | [22m  [36m9.30 kB[39m[2m | [22m
[32mchunk-MH3W5UOZ.js[39m  [2m | [22m[2m-[22m            [2m | [22m  [36m1.46 kB[39m[2m | [22m

Application bundle generation complete. [0.058 seconds] - 2026-04-29T20:10:53.729Z

[33m>[39m Changes detected. Rebuilding...
[32m√[39m Changes detected. Rebuilding...
[1mInitial chunk files[22m[2m | [22m[1mNames[22m[2m | [22m[1mRaw size[22m
[32mmain.js[39m            [2m | [22m[2mmain[22m [2m | [22m [36m3.67 kB[39m[2m | [22m

[1mLazy chunk files[22m   [2m | [22m[1mNames[22m[2m | [22m[1mRaw size[22m
[32mchunk-SIVTIQJ7.js[39m  [2m | [22m[2musers[22m[2m | [22m [36m9.30 kB[39m[2m | [22m

Application bundle generation complete. [0.156 seconds] - 2026-04-29T20:11:21.196Z

Page reload sent to client(s).
[33m>[39m Changes detected. Rebuilding...
[32m√[39m Changes detected. Rebuilding...
[1mInitial chunk files[22m[2m | [22m[1mNames[22m[2m | [22m[1mRaw size[22m
[32mmain.js[39m            [2m | [22m[2mmain[22m [2m | [22m [36m3.67 kB[39m[2m | [22m

[1mLazy chunk files[22m   [2m | [22m[1mNames[22m[2m | [22m[1mRaw size[22m
[32mchunk-UIR6GGRZ.js[39m  [2m | [22m[2musers[22m[2m | [22m [36m9.36 kB[39m[2m | [22m

Application bundle generation complete. [0.106 seconds] - 2026-04-29T20:12:00.080Z

Page reload sent to client(s).
[33m>[39m Changes detected. Rebuilding...
[32m√[39m Changes detected. Rebuilding...
[1mInitial chunk files[22m[2m | [22m[1mNames[22m[2m | [22m[1mRaw size[22m
[32mmain.js[39m            [2m | [22m[2mmain[22m [2m | [22m [36m3.67 kB[39m[2m | [22m

[1mLazy chunk files[22m   [2m | [22m[1mNames[22m[2m | [22m[1mRaw size[22m
[32mchunk-RT2ABA4I.js[39m  [2m | [22m[2musers[22m[2m | [22m [36m9.36 kB[39m[2m | [22m

Application bundle generation complete. [0.089 seconds] - 2026-04-29T20:12:01.314Z

Page reload sent to client(s).
[33m>[39m Changes detected. Rebuilding...
[32m√[39m Changes detected. Rebuilding...
Application bundle generation failed. [0.117 seconds] - 2026-04-29T20:54:08.783Z

[33m>[39m Changes detected. Rebuilding...
[32m√[39m Changes detected. Rebuilding...
Application bundle generation failed. [0.191 seconds] - 2026-04-29T20:54:15.342Z

[33m>[39m Changes detected. Rebuilding...
[32m√[39m Changes detected. Rebuilding...
Application bundle generation failed. [0.100 seconds] - 2026-04-29T20:54:49.333Z

[33m>[39m Changes detected. Rebuilding...
[32m√[39m Changes detected. Rebuilding...
Application bundle generation failed. [0.099 seconds] - 2026-04-29T20:55:24.416Z

[33m>[39m Changes detected. Rebuilding...
[32m√[39m Changes detected. Rebuilding...
Application bundle generation failed. [0.154 seconds] - 2026-04-29T20:56:11.609Z

[33m>[39m Changes detected. Rebuilding...
[32m√[39m Changes detected. Rebuilding...
Application bundle generation failed. [0.232 seconds] - 2026-04-29T20:58:13.413Z

[33m>[39m Changes detected. Rebuilding...
[32m√[39m Changes detected. Rebuilding...
[1mInitial chunk files[22m[2m | [22m[1mNames[22m        [2m | [22m [1mRaw size[22m
[32mmain.js[39m            [2m | [22m[2mmain[22m         [2m | [22m  [36m3.67 kB[39m[2m | [22m
[32mstyles.css[39m         [2m | [22m[2mstyles[22m       [2m | [22m[36m257 bytes[39m[2m | [22m

[1m [22m                  [2m | [22m[1mInitial total[22m[2m | [22m  [1m3.93 kB[22m

[1mLazy chunk files[22m   [2m | [22m[1mNames[22m        [2m | [22m [1mRaw size[22m
[32mchunk-2C6VIUDU.js[39m  [2m | [22m[2mlogin[22m        [2m | [22m [36m10.80 kB[39m[2m | [22m
[32mchunk-EXIQCH7A.js[39m  [2m | [22m[2musers[22m        [2m | [22m  [36m9.36 kB[39m[2m | [22m
[32mchunk-ADXWTYNP.js[39m  [2m | [22m[2m-[22m            [2m | [22m  [36m1.38 kB[39m[2m | [22m

Application bundle generation complete. [0.142 seconds] - 2026-04-29T20:58:18.311Z

Page reload sent to client(s).
[33m>[39m Changes detected. Rebuilding...
[32m√[39m Changes detected. Rebuilding...
[1mInitial chunk files[22m[2m | [22m[1mNames[22m[2m | [22m[1mRaw size[22m
[32mmain.js[39m            [2m | [22m[2mmain[22m [2m | [22m [36m3.67 kB[39m[2m | [22m

[1mLazy chunk files[22m   [2m | [22m[1mNames[22m[2m | [22m[1mRaw size[22m
[32mchunk-6CYEWXUB.js[39m  [2m | [22m[2mlogin[22m[2m | [22m[36m10.80 kB[39m[2m | [22m
[32mchunk-U3KRH3BU.js[39m  [2m | [22m[2musers[22m[2m | [22m [36m9.36 kB[39m[2m | [22m
[32mchunk-DOE2KQNJ.js[39m  [2m | [22m[2m-[22m    [2m | [22m [36m1.38 kB[39m[2m | [22m

Application bundle generation complete. [0.186 seconds] - 2026-04-29T20:59:36.798Z

Page reload sent to client(s).
[33m>[39m Changes detected. Rebuilding...
[32m√[39m Changes detected. Rebuilding...
Application bundle generation failed. [0.130 seconds] - 2026-04-29T20:59:45.105Z

[33m>[39m Changes detected. Rebuilding...
[32m√[39m Changes detected. Rebuilding...
[1mInitial chunk files[22m[2m | [22m[1mNames[22m        [2m | [22m [1mRaw size[22m
[32mmain.js[39m            [2m | [22m[2mmain[22m         [2m | [22m  [36m3.67 kB[39m[2m | [22m
[32mstyles.css[39m         [2m | [22m[2mstyles[22m       [2m | [22m[36m257 bytes[39m[2m | [22m

[1m [22m                  [2m | [22m[1mInitial total[22m[2m | [22m  [1m3.93 kB[22m

[1mLazy chunk files[22m   [2m | [22m[1mNames[22m        [2m | [22m [1mRaw size[22m
[32mchunk-FSRYFEF5.js[39m  [2m | [22m[2mlogin[22m        [2m | [22m [36m10.80 kB[39m[2m | [22m
[32mchunk-JG5V7L3K.js[39m  [2m | [22m[2musers[22m        [2m | [22m  [36m9.36 kB[39m[2m | [22m
[32mchunk-EZMHTFJQ.js[39m  [2m | [22m[2m-[22m            [2m | [22m  [36m1.38 kB[39m[2m | [22m

Application bundle generation complete. [0.166 seconds] - 2026-04-29T21:00:05.126Z

Page reload sent to client(s).
[33m>[39m Changes detected. Rebuilding...
[32m√[39m Changes detected. Rebuilding...
[1mInitial chunk files[22m[2m | [22m[1mNames[22m[2m | [22m[1mRaw size[22m
[32mmain.js[39m            [2m | [22m[2mmain[22m [2m | [22m [36m3.67 kB[39m[2m | [22m

[1mLazy chunk files[22m   [2m | [22m[1mNames[22m[2m | [22m[1mRaw size[22m
[32mchunk-LHXWDA6C.js[39m  [2m | [22m[2mlogin[22m[2m | [22m[36m10.80 kB[39m[2m | [22m
[32mchunk-7GZ5OD6M.js[39m  [2m | [22m[2musers[22m[2m | [22m [36m9.36 kB[39m[2m | [22m
[32mchunk-CARQIUND.js[39m  [2m | [22m[2m-[22m    [2m | [22m [36m1.38 kB[39m[2m | [22m

Application bundle generation complete. [0.099 seconds] - 2026-04-29T21:00:26.268Z

Page reload sent to client(s).
[33m>[39m Changes detected. Rebuilding...
[32m√[39m Changes detected. Rebuilding...
[1mInitial chunk files[22m[2m | [22m[1mNames[22m        [2m | [22m [1mRaw size[22m
[32mmain.js[39m            [2m | [22m[2mmain[22m         [2m | [22m  [36m3.67 kB[39m[2m | [22m
[32mstyles.css[39m         [2m | [22m[2mstyles[22m       [2m | [22m[36m257 bytes[39m[2m | [22m

[1m [22m                  [2m | [22m[1mInitial total[22m[2m | [22m  [1m3.93 kB[22m

[1mLazy chunk files[22m   [2m | [22m[1mNames[22m        [2m | [22m [1mRaw size[22m
[32mchunk-LHXWDA6C.js[39m  [2m | [22m[2mlogin[22m        [2m | [22m [36m10.80 kB[39m[2m | [22m
[32mchunk-7GZ5OD6M.js[39m  [2m | [22m[2musers[22m        [2m | [22m  [36m9.36 kB[39m[2m | [22m
[32mchunk-CARQIUND.js[39m  [2m | [22m[2m-[22m            [2m | [22m  [36m1.38 kB[39m[2m | [22m

Application bundle generation complete. [0.081 seconds] - 2026-04-29T21:00:31.771Z

[33m>[39m Changes detected. Rebuilding...
[32m√[39m Changes detected. Rebuilding...
[1mInitial chunk files[22m[2m | [22m[1mNames[22m        [2m | [22m [1mRaw size[22m
[32mmain.js[39m            [2m | [22m[2mmain[22m         [2m | [22m  [36m3.67 kB[39m[2m | [22m
[32mstyles.css[39m         [2m | [22m[2mstyles[22m       [2m | [22m[36m257 bytes[39m[2m | [22m

[1m [22m                  [2m | [22m[1mInitial total[22m[2m | [22m  [1m3.93 kB[22m

[1mLazy chunk files[22m   [2m | [22m[1mNames[22m        [2m | [22m [1mRaw size[22m
[32mchunk-LHXWDA6C.js[39m  [2m | [22m[2mlogin[22m        [2m | [22m [36m10.80 kB[39m[2m | [22m
[32mchunk-7GZ5OD6M.js[39m  [2m | [22m[2musers[22m        [2m | [22m  [36m9.36 kB[39m[2m | [22m
[32mchunk-CARQIUND.js[39m  [2m | [22m[2m-[22m            [2m | [22m  [36m1.38 kB[39m[2m | [22m

Application bundle generation complete. [0.066 seconds] - 2026-04-29T21:00:34.089Z

[33m>[39m Changes detected. Rebuilding...
[32m√[39m Changes detected. Rebuilding...
Application bundle generation failed. [0.165 seconds] - 2026-04-29T21:02:50.547Z

[33m>[39m Changes detected. Rebuilding...
[32m√[39m Changes detected. Rebuilding...
Application bundle generation failed. [0.140 seconds] - 2026-04-29T21:03:13.717Z

[33m>[39m Changes detected. Rebuilding...
[32m√[39m Changes detected. Rebuilding...
Application bundle generation failed. [0.145 seconds] - 2026-04-29T21:03:14.686Z

[33m>[39m Changes detected. Rebuilding...
[32m√[39m Changes detected. Rebuilding...
Application bundle generation failed. [0.129 seconds] - 2026-04-29T21:03:53.922Z

[33m>[39m Changes detected. Rebuilding...
[32m√[39m Changes detected. Rebuilding...
Application bundle generation failed. [0.078 seconds] - 2026-04-29T21:04:10.147Z

[33m>[39m Changes detected. Rebuilding...
[32m√[39m Changes detected. Rebuilding...
Application bundle generation failed. [0.133 seconds] - 2026-04-29T21:04:45.569Z

[33m>[39m Changes detected. Rebuilding...
[32m√[39m Changes detected. Rebuilding...
Application bundle generation failed. [0.131 seconds] - 2026-04-29T21:04:55.756Z

[33m>[39m Changes detected. Rebuilding...
[32m√[39m Changes detected. Rebuilding...
Application bundle generation failed. [0.129 seconds] - 2026-04-29T21:05:44.698Z

[33m>[39m Changes detected. Rebuilding...
[32m√[39m Changes detected. Rebuilding...
Application bundle generation failed. [0.147 seconds] - 2026-04-29T21:06:16.475Z

[33m>[39m Changes detected. Rebuilding...
[32m√[39m Changes detected. Rebuilding...
Application bundle generation failed. [0.141 seconds] - 2026-04-29T21:06:18.211Z

[33m>[39m Changes detected. Rebuilding...
[32m√[39m Changes detected. Rebuilding...
Application bundle generation failed. [0.157 seconds] - 2026-04-29T21:07:46.746Z

[33m>[39m Changes detected. Rebuilding...
[32m√[39m Changes detected. Rebuilding...
Application bundle generation failed. [0.094 seconds] - 2026-04-29T21:07:50.220Z

[33m>[39m Changes detected. Rebuilding...
[32m√[39m Changes detected. Rebuilding...
Application bundle generation failed. [0.127 seconds] - 2026-04-29T21:07:57.258Z

[33m>[39m Changes detected. Rebuilding...
[32m√[39m Changes detected. Rebuilding...
Application bundle generation failed. [0.108 seconds] - 2026-04-29T21:08:02.574Z

[33m>[39m Changes detected. Rebuilding...
[32m√[39m Changes detected. Rebuilding...
Application bundle generation failed. [0.052 seconds] - 2026-04-29T21:08:03.728Z

[33m>[39m Changes detected. Rebuilding...
[32m√[39m Changes detected. Rebuilding...
[1mInitial chunk files[22m[2m | [22m[1mNames[22m        [2m | [22m [1mRaw size[22m
[32mmain.js[39m            [2m | [22m[2mmain[22m         [2m | [22m  [36m3.67 kB[39m[2m | [22m
[32mstyles.css[39m         [2m | [22m[2mstyles[22m       [2m | [22m[36m257 bytes[39m[2m | [22m

[1m [22m                  [2m | [22m[1mInitial total[22m[2m | [22m  [1m3.93 kB[22m

[1mLazy chunk files[22m   [2m | [22m[1mNames[22m        [2m | [22m [1mRaw size[22m
[32mchunk-C2BPN465.js[39m  [2m | [22m[2mlogin[22m        [2m | [22m [36m10.80 kB[39m[2m | [22m
[32mchunk-IDIQ4OBM.js[39m  [2m | [22m[2musers[22m        [2m | [22m  [36m9.70 kB[39m[2m | [22m
[32mchunk-R7ATXWL6.js[39m  [2m | [22m[2m-[22m            [2m | [22m  [36m1.38 kB[39m[2m | [22m

Application bundle generation complete. [0.229 seconds] - 2026-04-29T21:08:44.919Z

Page reload sent to client(s).
[33m>[39m Changes detected. Rebuilding...
[32m√[39m Changes detected. Rebuilding...
[1mInitial chunk files[22m[2m | [22m[1mNames[22m[2m | [22m[1mRaw size[22m
[32mmain.js[39m            [2m | [22m[2mmain[22m [2m | [22m [36m3.67 kB[39m[2m | [22m

[1mLazy chunk files[22m   [2m | [22m[1mNames[22m[2m | [22m[1mRaw size[22m
[32mchunk-TVULSISC.js[39m  [2m | [22m[2musers[22m[2m | [22m [36m9.70 kB[39m[2m | [22m

Application bundle generation complete. [0.150 seconds] - 2026-04-29T21:08:59.904Z

Component update sent to client(s).
[33m>[39m Changes detected. Rebuilding...
[32m√[39m Changes detected. Rebuilding...
[1mInitial chunk files[22m[2m | [22m[1mNames[22m[2m | [22m[1mRaw size[22m
[32mmain.js[39m            [2m | [22m[2mmain[22m [2m | [22m [36m3.67 kB[39m[2m | [22m

[1mLazy chunk files[22m   [2m | [22m[1mNames[22m[2m | [22m[1mRaw size[22m
[32mchunk-RJCWYX4R.js[39m  [2m | [22m[2mlogin[22m[2m | [22m[36m10.80 kB[39m[2m | [22m
[32mchunk-R54TP76T.js[39m  [2m | [22m[2musers[22m[2m | [22m [36m9.70 kB[39m[2m | [22m
[32mchunk-XPKXGGDH.js[39m  [2m | [22m[2m-[22m    [2m | [22m [36m1.35 kB[39m[2m | [22m

Application bundle generation complete. [0.116 seconds] - 2026-04-29T21:11:52.762Z

Page reload sent to client(s).
[33m>[39m Changes detected. Rebuilding...
[32m√[39m Changes detected. Rebuilding...
[1mInitial chunk files[22m[2m | [22m[1mNames[22m[2m | [22m[1mRaw size[22m
[32mmain.js[39m            [2m | [22m[2mmain[22m [2m | [22m [36m3.67 kB[39m[2m | [22m

[1mLazy chunk files[22m   [2m | [22m[1mNames[22m[2m | [22m[1mRaw size[22m
[32mchunk-OH3CQYKY.js[39m  [2m | [22m[2musers[22m[2m | [22m [36m9.66 kB[39m[2m | [22m

Application bundle generation complete. [0.174 seconds] - 2026-04-29T21:15:20.900Z

Component update sent to client(s).
[33m>[39m Changes detected. Rebuilding...
[32m√[39m Changes detected. Rebuilding...
[1mInitial chunk files[22m[2m | [22m[1mNames[22m        [2m | [22m [1mRaw size[22m
[32mmain.js[39m            [2m | [22m[2mmain[22m         [2m | [22m  [36m3.67 kB[39m[2m | [22m
[32mstyles.css[39m         [2m | [22m[2mstyles[22m       [2m | [22m[36m257 bytes[39m[2m | [22m

[1m [22m                  [2m | [22m[1mInitial total[22m[2m | [22m  [1m3.93 kB[22m

[1mLazy chunk files[22m   [2m | [22m[1mNames[22m        [2m | [22m [1mRaw size[22m
[32mchunk-RJCWYX4R.js[39m  [2m | [22m[2mlogin[22m        [2m | [22m [36m10.80 kB[39m[2m | [22m
[32mchunk-OH3CQYKY.js[39m  [2m | [22m[2musers[22m        [2m | [22m  [36m9.66 kB[39m[2m | [22m
[32mchunk-XPKXGGDH.js[39m  [2m | [22m[2m-[22m            [2m | [22m  [36m1.35 kB[39m[2m | [22m

Application bundle generation complete. [0.239 seconds] - 2026-04-29T21:15:21.810Z

Component update sent to client(s).
[33m>[39m Changes detected. Rebuilding...
[32m√[39m Changes detected. Rebuilding...
[1mInitial chunk files[22m[2m | [22m[1mNames[22m[2m | [22m[1mRaw size[22m
[32mmain.js[39m            [2m | [22m[2mmain[22m [2m | [22m [36m3.67 kB[39m[2m | [22m

[1mLazy chunk files[22m   [2m | [22m[1mNames[22m[2m | [22m[1mRaw size[22m
[32mchunk-GVZBQMBL.js[39m  [2m | [22m[2musers[22m[2m | [22m [36m9.73 kB[39m[2m | [22m

Application bundle generation complete. [0.297 seconds] - 2026-04-29T21:15:54.735Z

Component update sent to client(s).
[33m>[39m Changes detected. Rebuilding...
[32m√[39m Changes detected. Rebuilding...
[1mInitial chunk files[22m[2m | [22m[1mNames[22m[2m | [22m[1mRaw size[22m
[32mmain.js[39m            [2m | [22m[2mmain[22m [2m | [22m [36m3.67 kB[39m[2m | [22m

[1mLazy chunk files[22m   [2m | [22m[1mNames[22m[2m | [22m[1mRaw size[22m
[32mchunk-OEFWHMO7.js[39m  [2m | [22m[2musers[22m[2m | [22m [36m9.77 kB[39m[2m | [22m

Application bundle generation complete. [0.133 seconds] - 2026-04-29T21:16:59.826Z

Component update sent to client(s).
[33m>[39m Changes detected. Rebuilding...
[32m√[39m Changes detected. Rebuilding...

No output file changes.

Application bundle generation complete. [0.181 seconds] - 2026-04-29T21:17:05.238Z

Component update sent to client(s).
[33m>[39m Changes detected. Rebuilding...
[32m√[39m Changes detected. Rebuilding...
[1mInitial chunk files[22m[2m | [22m[1mNames[22m[2m | [22m[1mRaw size[22m
[32mmain.js[39m            [2m | [22m[2mmain[22m [2m | [22m [36m3.67 kB[39m[2m | [22m

[1mLazy chunk files[22m   [2m | [22m[1mNames[22m[2m | [22m[1mRaw size[22m
[32mchunk-RMJVTOAT.js[39m  [2m | [22m[2musers[22m[2m | [22m [36m9.93 kB[39m[2m | [22m

Application bundle generation complete. [0.180 seconds] - 2026-04-29T21:17:07.855Z

Component update sent to client(s).
[33m>[39m Changes detected. Rebuilding...
[32m√[39m Changes detected. Rebuilding...
[1mInitial chunk files[22m[2m | [22m[1mNames[22m[2m | [22m[1mRaw size[22m
[32mmain.js[39m            [2m | [22m[2mmain[22m [2m | [22m [36m3.67 kB[39m[2m | [22m

[1mLazy chunk files[22m   [2m | [22m[1mNames[22m[2m | [22m[1mRaw size[22m
[32mchunk-M2PD2GT6.js[39m  [2m | [22m[2musers[22m[2m | [22m[36m10.18 kB[39m[2m | [22m

Application bundle generation complete. [0.212 seconds] - 2026-04-29T21:17:48.922Z

Component update sent to client(s).
[33m>[39m Changes detected. Rebuilding...
[32m√[39m Changes detected. Rebuilding...
[1mInitial chunk files[22m[2m | [22m[1mNames[22m[2m | [22m[1mRaw size[22m
[32mmain.js[39m            [2m | [22m[2mmain[22m [2m | [22m [36m3.67 kB[39m[2m | [22m

[1mLazy chunk files[22m   [2m | [22m[1mNames[22m[2m | [22m[1mRaw size[22m
[32mchunk-B4YCMFJC.js[39m  [2m | [22m[2musers[22m[2m | [22m[36m10.23 kB[39m[2m | [22m

Application bundle generation complete. [0.191 seconds] - 2026-04-29T21:18:02.203Z

Component update sent to client(s).
[33m>[39m Changes detected. Rebuilding...
[32m√[39m Changes detected. Rebuilding...
[1mInitial chunk files[22m[2m | [22m[1mNames[22m[2m | [22m[1mRaw size[22m
[32mmain.js[39m            [2m | [22m[2mmain[22m [2m | [22m [36m3.67 kB[39m[2m | [22m

[1mLazy chunk files[22m   [2m | [22m[1mNames[22m[2m | [22m[1mRaw size[22m
[32mchunk-XFIOESEV.js[39m  [2m | [22m[2musers[22m[2m | [22m[36m10.17 kB[39m[2m | [22m

Application bundle generation complete. [0.123 seconds] - 2026-04-29T21:18:25.914Z

Component update sent to client(s).
[33m>[39m Changes detected. Rebuilding...
[32m√[39m Changes detected. Rebuilding...
[1mInitial chunk files[22m[2m | [22m[1mNames[22m[2m | [22m[1mRaw size[22m
[32mmain.js[39m            [2m | [22m[2mmain[22m [2m | [22m [36m3.67 kB[39m[2m | [22m

[1mLazy chunk files[22m   [2m | [22m[1mNames[22m[2m | [22m[1mRaw size[22m
[32mchunk-NFABNDWJ.js[39m  [2m | [22m[2musers[22m[2m | [22m[36m10.21 kB[39m[2m | [22m

Application bundle generation complete. [0.224 seconds] - 2026-04-29T21:18:53.440Z

Component update sent to client(s).
[33m>[39m Changes detected. Rebuilding...
[32m√[39m Changes detected. Rebuilding...
[1mInitial chunk files[22m[2m | [22m[1mNames[22m[2m | [22m[1mRaw size[22m
[32mmain.js[39m            [2m | [22m[2mmain[22m [2m | [22m [36m3.67 kB[39m[2m | [22m

[1mLazy chunk files[22m   [2m | [22m[1mNames[22m[2m | [22m[1mRaw size[22m
[32mchunk-BJMN7NTC.js[39m  [2m | [22m[2musers[22m[2m | [22m[36m10.27 kB[39m[2m | [22m

Application bundle generation complete. [0.178 seconds] - 2026-04-29T21:19:00.775Z

Component update sent to client(s).
[33m>[39m Changes detected. Rebuilding...
[32m√[39m Changes detected. Rebuilding...
[1mInitial chunk files[22m[2m | [22m[1mNames[22m[2m | [22m[1mRaw size[22m
[32mmain.js[39m            [2m | [22m[2mmain[22m [2m | [22m [36m3.67 kB[39m[2m | [22m

[1mLazy chunk files[22m   [2m | [22m[1mNames[22m[2m | [22m[1mRaw size[22m
[32mchunk-5ZCBZMNM.js[39m  [2m | [22m[2musers[22m[2m | [22m[36m10.31 kB[39m[2m | [22m

Application bundle generation complete. [0.165 seconds] - 2026-04-29T21:19:12.999Z

Component update sent to client(s).
[33m>[39m Changes detected. Rebuilding...
[32m√[39m Changes detected. Rebuilding...
[1mInitial chunk files[22m[2m | [22m[1mNames[22m[2m | [22m[1mRaw size[22m
[32mmain.js[39m            [2m | [22m[2mmain[22m [2m | [22m [36m3.67 kB[39m[2m | [22m

[1mLazy chunk files[22m   [2m | [22m[1mNames[22m[2m | [22m[1mRaw size[22m
[32mchunk-J4BILZP5.js[39m  [2m | [22m[2musers[22m[2m | [22m[36m10.25 kB[39m[2m | [22m

Application bundle generation complete. [0.179 seconds] - 2026-04-29T21:19:17.841Z

Component update sent to client(s).
[33m>[39m Changes detected. Rebuilding...
[32m√[39m Changes detected. Rebuilding...

No output file changes.

Application bundle generation complete. [0.153 seconds] - 2026-04-29T21:19:30.890Z

Component update sent to client(s).
[33m>[39m Changes detected. Rebuilding...
[32m√[39m Changes detected. Rebuilding...
[1mInitial chunk files[22m[2m | [22m[1mNames[22m[2m | [22m[1mRaw size[22m
[32mmain.js[39m            [2m | [22m[2mmain[22m [2m | [22m [36m3.67 kB[39m[2m | [22m

[1mLazy chunk files[22m   [2m | [22m[1mNames[22m[2m | [22m[1mRaw size[22m
[32mchunk-L65ZWW7Z.js[39m  [2m | [22m[2musers[22m[2m | [22m[36m10.26 kB[39m[2m | [22m

Application bundle generation complete. [0.156 seconds] - 2026-04-29T21:19:40.412Z

Component update sent to client(s).
[33m>[39m Changes detected. Rebuilding...
[32m√[39m Changes detected. Rebuilding...
[1mInitial chunk files[22m[2m | [22m[1mNames[22m        [2m | [22m [1mRaw size[22m
[32mmain.js[39m            [2m | [22m[2mmain[22m         [2m | [22m  [36m3.67 kB[39m[2m | [22m
[32mstyles.css[39m         [2m | [22m[2mstyles[22m       [2m | [22m[36m257 bytes[39m[2m | [22m

[1m [22m                  [2m | [22m[1mInitial total[22m[2m | [22m  [1m3.93 kB[22m

[1mLazy chunk files[22m   [2m | [22m[1mNames[22m        [2m | [22m [1mRaw size[22m
[32mchunk-RJCWYX4R.js[39m  [2m | [22m[2mlogin[22m        [2m | [22m [36m10.80 kB[39m[2m | [22m
[32mchunk-L65ZWW7Z.js[39m  [2m | [22m[2musers[22m        [2m | [22m [36m10.26 kB[39m[2m | [22m
[32mchunk-XPKXGGDH.js[39m  [2m | [22m[2m-[22m            [2m | [22m  [36m1.35 kB[39m[2m | [22m

Application bundle generation complete. [0.174 seconds] - 2026-04-29T21:19:44.272Z

Component update sent to client(s).
[33m>[39m Changes detected. Rebuilding...
[32m√[39m Changes detected. Rebuilding...
[1mInitial chunk files[22m[2m | [22m[1mNames[22m[2m | [22m[1mRaw size[22m
[32mmain.js[39m            [2m | [22m[2mmain[22m [2m | [22m [36m3.67 kB[39m[2m | [22m

[1mLazy chunk files[22m   [2m | [22m[1mNames[22m[2m | [22m[1mRaw size[22m
[32mchunk-S7RJE7G7.js[39m  [2m | [22m[2musers[22m[2m | [22m[36m10.34 kB[39m[2m | [22m

Application bundle generation complete. [0.134 seconds] - 2026-04-29T21:20:01.320Z

Component update sent to client(s).
[33m>[39m Changes detected. Rebuilding...
[32m√[39m Changes detected. Rebuilding...
[1mInitial chunk files[22m[2m | [22m[1mNames[22m[2m | [22m[1mRaw size[22m
[32mmain.js[39m            [2m | [22m[2mmain[22m [2m | [22m [36m3.67 kB[39m[2m | [22m

[1mLazy chunk files[22m   [2m | [22m[1mNames[22m[2m | [22m[1mRaw size[22m
[32mchunk-QWXWIOUZ.js[39m  [2m | [22m[2musers[22m[2m | [22m[36m10.30 kB[39m[2m | [22m

Application bundle generation complete. [0.138 seconds] - 2026-04-29T21:20:09.481Z

Component update sent to client(s).
[33m>[39m Changes detected. Rebuilding...
[32m√[39m Changes detected. Rebuilding...
[1mInitial chunk files[22m[2m | [22m[1mNames[22m[2m | [22m[1mRaw size[22m
[32mmain.js[39m            [2m | [22m[2mmain[22m [2m | [22m [36m3.67 kB[39m[2m | [22m

[1mLazy chunk files[22m   [2m | [22m[1mNames[22m[2m | [22m[1mRaw size[22m
[32mchunk-76LTAQGJ.js[39m  [2m | [22m[2musers[22m[2m | [22m[36m10.36 kB[39m[2m | [22m

Application bundle generation complete. [0.171 seconds] - 2026-04-29T21:20:24.414Z

Component update sent to client(s).
[33m>[39m Changes detected. Rebuilding...
[32m√[39m Changes detected. Rebuilding...
[1mInitial chunk files[22m[2m | [22m[1mNames[22m[2m | [22m[1mRaw size[22m
[32mmain.js[39m            [2m | [22m[2mmain[22m [2m | [22m [36m3.67 kB[39m[2m | [22m

[1mLazy chunk files[22m   [2m | [22m[1mNames[22m[2m | [22m[1mRaw size[22m
[32mchunk-VVBDYJOC.js[39m  [2m | [22m[2musers[22m[2m | [22m[36m10.40 kB[39m[2m | [22m

Application bundle generation complete. [0.102 seconds] - 2026-04-29T21:20:39.866Z

Component update sent to client(s).
[33m>[39m Changes detected. Rebuilding...
[32m√[39m Changes detected. Rebuilding...
[1mInitial chunk files[22m[2m | [22m[1mNames[22m[2m | [22m[1mRaw size[22m
[32mmain.js[39m            [2m | [22m[2mmain[22m [2m | [22m [36m3.67 kB[39m[2m | [22m

[1mLazy chunk files[22m   [2m | [22m[1mNames[22m[2m | [22m[1mRaw size[22m
[32mchunk-VTC47S5A.js[39m  [2m | [22m[2musers[22m[2m | [22m[36m10.39 kB[39m[2m | [22m

Application bundle generation complete. [0.152 seconds] - 2026-04-29T21:20:43.313Z

Component update sent to client(s).
[33m>[39m Changes detected. Rebuilding...
[32m√[39m Changes detected. Rebuilding...
[1mInitial chunk files[22m[2m | [22m[1mNames[22m[2m | [22m[1mRaw size[22m
[32mmain.js[39m            [2m | [22m[2mmain[22m [2m | [22m [36m3.67 kB[39m[2m | [22m

[1mLazy chunk files[22m   [2m | [22m[1mNames[22m[2m | [22m[1mRaw size[22m
[32mchunk-3YMHTBO4.js[39m  [2m | [22m[2musers[22m[2m | [22m[36m10.40 kB[39m[2m | [22m

Application bundle generation complete. [0.118 seconds] - 2026-04-29T21:20:56.666Z

Component update sent to client(s).
[33m>[39m Changes detected. Rebuilding...
[32m√[39m Changes detected. Rebuilding...
[1mInitial chunk files[22m[2m | [22m[1mNames[22m[2m | [22m[1mRaw size[22m
[32mmain.js[39m            [2m | [22m[2mmain[22m [2m | [22m [36m3.67 kB[39m[2m | [22m

[1mLazy chunk files[22m   [2m | [22m[1mNames[22m[2m | [22m[1mRaw size[22m
[32mchunk-SHRVKRDS.js[39m  [2m | [22m[2musers[22m[2m | [22m[36m10.40 kB[39m[2m | [22m

Application bundle generation complete. [0.175 seconds] - 2026-04-29T21:21:00.365Z

Component update sent to client(s).
[33m>[39m Changes detected. Rebuilding...
[32m√[39m Changes detected. Rebuilding...
[1mInitial chunk files[22m[2m | [22m[1mNames[22m[2m | [22m[1mRaw size[22m
[32mmain.js[39m            [2m | [22m[2mmain[22m [2m | [22m [36m3.67 kB[39m[2m | [22m

[1mLazy chunk files[22m   [2m | [22m[1mNames[22m[2m | [22m[1mRaw size[22m
[32mchunk-JEGPPPU7.js[39m  [2m | [22m[2musers[22m[2m | [22m[36m10.40 kB[39m[2m | [22m

Application bundle generation complete. [0.160 seconds] - 2026-04-29T21:21:08.600Z

Component update sent to client(s).
[33m>[39m Changes detected. Rebuilding...
[32m√[39m Changes detected. Rebuilding...
[1mInitial chunk files[22m[2m | [22m[1mNames[22m[2m | [22m[1mRaw size[22m
[32mmain.js[39m            [2m | [22m[2mmain[22m [2m | [22m [36m3.67 kB[39m[2m | [22m

[1mLazy chunk files[22m   [2m | [22m[1mNames[22m[2m | [22m[1mRaw size[22m
[32mchunk-FQQCR34Z.js[39m  [2m | [22m[2musers[22m[2m | [22m[36m10.44 kB[39m[2m | [22m

Application bundle generation complete. [0.133 seconds] - 2026-04-29T21:21:18.399Z

Component update sent to client(s).
[33m>[39m Changes detected. Rebuilding...
[32m√[39m Changes detected. Rebuilding...
[1mInitial chunk files[22m[2m | [22m[1mNames[22m[2m | [22m[1mRaw size[22m
[32mmain.js[39m            [2m | [22m[2mmain[22m [2m | [22m [36m3.67 kB[39m[2m | [22m

[1mLazy chunk files[22m   [2m | [22m[1mNames[22m[2m | [22m[1mRaw size[22m
[32mchunk-LBXEZ2J4.js[39m  [2m | [22m[2musers[22m[2m | [22m[36m11.84 kB[39m[2m | [22m

Application bundle generation complete. [0.249 seconds] - 2026-04-29T21:21:56.418Z

Component update sent to client(s).
[33m>[39m Changes detected. Rebuilding...
[32m√[39m Changes detected. Rebuilding...
[1mInitial chunk files[22m[2m | [22m[1mNames[22m[2m | [22m[1mRaw size[22m
[32mmain.js[39m            [2m | [22m[2mmain[22m [2m | [22m [36m3.67 kB[39m[2m | [22m

[1mLazy chunk files[22m   [2m | [22m[1mNames[22m[2m | [22m[1mRaw size[22m
[32mchunk-E74IB6RC.js[39m  [2m | [22m[2musers[22m[2m | [22m[36m12.72 kB[39m[2m | [22m

Application bundle generation complete. [0.133 seconds] - 2026-04-29T21:23:29.096Z

Component update sent to client(s).
[33m>[39m Changes detected. Rebuilding...
[32m√[39m Changes detected. Rebuilding...
[1mInitial chunk files[22m[2m | [22m[1mNames[22m[2m | [22m[1mRaw size[22m
[32mmain.js[39m            [2m | [22m[2mmain[22m [2m | [22m [36m3.67 kB[39m[2m | [22m

[1mLazy chunk files[22m   [2m | [22m[1mNames[22m[2m | [22m[1mRaw size[22m
[32mchunk-LQLNE3Q2.js[39m  [2m | [22m[2musers[22m[2m | [22m[36m12.76 kB[39m[2m | [22m

Application bundle generation complete. [0.304 seconds] - 2026-04-29T21:24:04.128Z

Component update sent to client(s).
[33m>[39m Changes detected. Rebuilding...
[32m√[39m Changes detected. Rebuilding...
[1mInitial chunk files[22m[2m | [22m[1mNames[22m[2m | [22m[1mRaw size[22m
[32mmain.js[39m            [2m | [22m[2mmain[22m [2m | [22m [36m3.67 kB[39m[2m | [22m

[1mLazy chunk files[22m   [2m | [22m[1mNames[22m[2m | [22m[1mRaw size[22m
[32mchunk-CJJROEEE.js[39m  [2m | [22m[2musers[22m[2m | [22m[36m12.82 kB[39m[2m | [22m

Application bundle generation complete. [0.202 seconds] - 2026-04-29T21:24:24.202Z

Component update sent to client(s).
[33m>[39m Changes detected. Rebuilding...
[32m√[39m Changes detected. Rebuilding...
[1mInitial chunk files[22m[2m | [22m[1mNames[22m[2m | [22m[1mRaw size[22m
[32mmain.js[39m            [2m | [22m[2mmain[22m [2m | [22m [36m3.67 kB[39m[2m | [22m

[1mLazy chunk files[22m   [2m | [22m[1mNames[22m[2m | [22m[1mRaw size[22m
[32mchunk-3U2NHL6J.js[39m  [2m | [22m[2musers[22m[2m | [22m[36m12.78 kB[39m[2m | [22m

Application bundle generation complete. [0.180 seconds] - 2026-04-29T21:24:35.279Z

Component update sent to client(s).
[33m>[39m Changes detected. Rebuilding...
[32m√[39m Changes detected. Rebuilding...

No output file changes.

Application bundle generation complete. [0.179 seconds] - 2026-04-29T21:24:49.934Z

Component update sent to client(s).
[33m>[39m Changes detected. Rebuilding...
[32m√[39m Changes detected. Rebuilding...
[1mInitial chunk files[22m[2m | [22m[1mNames[22m[2m | [22m[1mRaw size[22m
[32mmain.js[39m            [2m | [22m[2mmain[22m [2m | [22m [36m3.67 kB[39m[2m | [22m

[1mLazy chunk files[22m   [2m | [22m[1mNames[22m[2m | [22m[1mRaw size[22m
[32mchunk-E74IB6RC.js[39m  [2m | [22m[2musers[22m[2m | [22m[36m12.72 kB[39m[2m | [22m

Application bundle generation complete. [0.187 seconds] - 2026-04-29T21:24:59.238Z

Component update sent to client(s).
[33m>[39m Changes detected. Rebuilding...
[32m√[39m Changes detected. Rebuilding...
[1mInitial chunk files[22m[2m | [22m[1mNames[22m[2m | [22m[1mRaw size[22m
[32mmain.js[39m            [2m | [22m[2mmain[22m [2m | [22m [36m3.67 kB[39m[2m | [22m

[1mLazy chunk files[22m   [2m | [22m[1mNames[22m[2m | [22m[1mRaw size[22m
[32mchunk-ETORHY6Z.js[39m  [2m | [22m[2musers[22m[2m | [22m[36m12.71 kB[39m[2m | [22m

Application bundle generation complete. [0.135 seconds] - 2026-04-29T21:25:23.603Z

Component update sent to client(s).
[33m>[39m Changes detected. Rebuilding...
[32m√[39m Changes detected. Rebuilding...
[1mInitial chunk files[22m[2m | [22m[1mNames[22m[2m | [22m[1mRaw size[22m
[32mmain.js[39m            [2m | [22m[2mmain[22m [2m | [22m [36m3.67 kB[39m[2m | [22m

[1mLazy chunk files[22m   [2m | [22m[1mNames[22m[2m | [22m[1mRaw size[22m
[32mchunk-E74IB6RC.js[39m  [2m | [22m[2musers[22m[2m | [22m[36m12.72 kB[39m[2m | [22m

Application bundle generation complete. [0.146 seconds] - 2026-04-29T21:25:27.139Z

Component update sent to client(s).
[33m>[39m Changes detected. Rebuilding...
[32m√[39m Changes detected. Rebuilding...
[1mInitial chunk files[22m[2m | [22m[1mNames[22m[2m | [22m[1mRaw size[22m
[32mmain.js[39m            [2m | [22m[2mmain[22m [2m | [22m [36m3.67 kB[39m[2m | [22m

[1mLazy chunk files[22m   [2m | [22m[1mNames[22m[2m | [22m[1mRaw size[22m
[32mchunk-5PD3E242.js[39m  [2m | [22m[2musers[22m[2m | [22m[36m12.79 kB[39m[2m | [22m

Application bundle generation complete. [0.156 seconds] - 2026-04-29T21:29:53.822Z

Component update sent to client(s).
[33m>[39m Changes detected. Rebuilding...
[32m√[39m Changes detected. Rebuilding...
[1mInitial chunk files[22m[2m | [22m[1mNames[22m[2m | [22m[1mRaw size[22m
[32mmain.js[39m            [2m | [22m[2mmain[22m [2m | [22m [36m3.67 kB[39m[2m | [22m

[1mLazy chunk files[22m   [2m | [22m[1mNames[22m[2m | [22m[1mRaw size[22m
[32mchunk-3CUA5IWV.js[39m  [2m | [22m[2musers[22m[2m | [22m[36m13.36 kB[39m[2m | [22m

Application bundle generation complete. [0.164 seconds] - 2026-04-29T21:29:58.248Z

Component update sent to client(s).
