[1m[31m[31mX [41;31m[[41;97mERROR[41;31m][0m [1mTS2341: Property 'authService' is private and only accessible within class 'Users'.[0m [1m[35m[plugin angular-compiler][0m

    src/app/pages/users/users.html:5:24:
[37m      5 │       <h3>Bem-vindo, {{ [32mauthService[37m.getUserName() }}!</h3>
        ╵                         [32m~~~~~~~~~~~[0m

  Error occurs in the template of component Users.

    src/app/pages/users/users.ts:8:15:
[37m      8 │   templateUrl: [32m'./users.html'[37m,
        ╵                [32m~~~~~~~~~~~~~~[0m


[31mX [41;31m[[41;97mERROR[41;31m][0m [1mTS2339: Property 'getUserName' does not exist on type 'AuthService'.[0m [1m[35m[plugin angular-compiler][0m

    src/app/pages/users/users.html:5:36:
[37m      5 │       <h3>Bem-vindo, {{ authService.[32mgetUserName[37m() }}!</h3>
        ╵                                     [32m~~~~~~~~~~~[0m

  Error occurs in the template of component Users.

    src/app/pages/users/users.ts:8:15:
[37m      8 │   templateUrl: [32m'./users.html'[37m,
        ╵                [32m~~~~~~~~~~~~~~[0m

[39m[22m
[1m[31m[31mX [41;31m[[41;97mERROR[41;31m][0m [1mTS2341: Property 'authService' is private and only accessible within class 'Users'.[0m [1m[35m[plugin angular-compiler][0m

    src/app/pages/users/users.html:5:24:
[37m      5 │       <h3>Bem-vindo, {{ [32mauthService[37m.getUserName() }}!</h3>
        ╵                         [32m~~~~~~~~~~~[0m

  Error occurs in the template of component Users.

    src/app/pages/users/users.ts:8:15:
[37m      8 │   templateUrl: [32m'./users.html'[37m,
        ╵                [32m~~~~~~~~~~~~~~[0m


[31mX [41;31m[[41;97mERROR[41;31m][0m [1mTS2339: Property 'getUserName' does not exist on type 'AuthService'.[0m [1m[35m[plugin angular-compiler][0m

    src/app/pages/users/users.html:5:36:
[37m      5 │       <h3>Bem-vindo, {{ authService.[32mgetUserName[37m() }}!</h3>
        ╵                                     [32m~~~~~~~~~~~[0m

  Error occurs in the template of component Users.

    src/app/pages/users/users.ts:8:15:
[37m      8 │   templateUrl: [32m'./users.html'[37m,
        ╵                [32m~~~~~~~~~~~~~~[0m

[39m[22m
[1m[31m[31mX [41;31m[[41;97mERROR[41;31m][0m [1mTS2341: Property 'authService' is private and only accessible within class 'Users'.[0m [1m[35m[plugin angular-compiler][0m

    src/app/pages/users/users.html:5:24:
[37m      5 │       <h3>Bem-vindo, {{ [32mauthService[37m.getUserName() }}!</h3>
        ╵                         [32m~~~~~~~~~~~[0m

  Error occurs in the template of component Users.

    src/app/pages/users/users.ts:8:15:
[37m      8 │   templateUrl: [32m'./users.html'[37m,
        ╵                [32m~~~~~~~~~~~~~~[0m


[31mX [41;31m[[41;97mERROR[41;31m][0m [1mTS2339: Property 'getUserName' does not exist on type 'AuthService'.[0m [1m[35m[plugin angular-compiler][0m

    src/app/pages/users/users.html:5:36:
[37m      5 │       <h3>Bem-vindo, {{ authService.[32mgetUserName[37m() }}!</h3>
        ╵                                     [32m~~~~~~~~~~~[0m

  Error occurs in the template of component Users.

    src/app/pages/users/users.ts:8:15:
[37m      8 │   templateUrl: [32m'./users.html'[37m,
        ╵                [32m~~~~~~~~~~~~~~[0m


[31mX [41;31m[[41;97mERROR[41;31m][0m [1mTS2339: Property 'logout' does not exist on type 'Users'.[0m [1m[35m[plugin angular-compiler][0m

    src/app/pages/users/users.html:6:26:
[37m      6 │       <a href="" (click)="[32mlogout[37m()">Sair</a>
        ╵                           [32m~~~~~~[0m

  Error occurs in the template of component Users.

    src/app/pages/users/users.ts:8:15:
[37m      8 │   templateUrl: [32m'./users.html'[37m,
        ╵                [32m~~~~~~~~~~~~~~[0m

[39m[22m
[1m[31m[31mX [41;31m[[41;97mERROR[41;31m][0m [1mTS2339: Property 'logout' does not exist on type 'Users'.[0m [1m[35m[plugin angular-compiler][0m

    src/app/pages/users/users.html:6:26:
[37m      6 │       <a href="" (click)="[32mlogout[37m()">Sair</a>
        ╵                           [32m~~~~~~[0m

  Error occurs in the template of component Users.

    src/app/pages/users/users.ts:8:15:
[37m      8 │   templateUrl: [32m'./users.html'[37m,
        ╵                [32m~~~~~~~~~~~~~~[0m

[39m[22m
[1m[31m[31mX [41;31m[[41;97mERROR[41;31m][0m [1mTS2339: Property 'logout' does not exist on type 'Users'.[0m [1m[35m[plugin angular-compiler][0m

    src/app/pages/users/users.html:6:26:
[37m      6 │       <a href="" (click)="[32mlogout[37m()">Sair</a>
        ╵                           [32m~~~~~~[0m

  Error occurs in the template of component Users.

    src/app/pages/users/users.ts:8:15:
[37m      8 │   templateUrl: [32m'./users.html'[37m,
        ╵                [32m~~~~~~~~~~~~~~[0m

[39m[22m
[1m[31m[31mX [41;31m[[41;97mERROR[41;31m][0m [1mTS2341: Property 'authService' is private and only accessible within class 'Users'.[0m [1m[35m[plugin angular-compiler][0m

    src/app/pages/users/users.html:6:26:
[37m      6 │       <a href="" (click)="[32mauthService[37m.logout()">Sair</a>
        ╵                           [32m~~~~~~~~~~~[0m

  Error occurs in the template of component Users.

    src/app/pages/users/users.ts:8:15:
[37m      8 │   templateUrl: [32m'./users.html'[37m,
        ╵                [32m~~~~~~~~~~~~~~[0m

[39m[22m
[1m[31m[31mX [41;31m[[41;97mERROR[41;31m][0m [1mTS2341: Property 'authService' is private and only accessible within class 'Users'.[0m [1m[35m[plugin angular-compiler][0m

    src/app/pages/users/users.html:5:24:
[37m      5 │       <h3>Bem-vindo, {{ [32mauthService[37m.getUserName() }}!</h3>
        ╵                         [32m~~~~~~~~~~~[0m

  Error occurs in the template of component Users.

    src/app/pages/users/users.ts:9:15:
[37m      9 │   templateUrl: [32m'./users.html'[37m,
        ╵                [32m~~~~~~~~~~~~~~[0m

[39m[22m
[1m[31m[31mX [41;31m[[41;97mERROR[41;31m][0m [1mTS2341: Property 'authService' is private and only accessible within class 'Users'.[0m [1m[35m[plugin angular-compiler][0m

    src/app/pages/users/users.html:5:24:
[37m      5 │       <h3>Bem-vindo, {{ [32mauthService[37m.getUserName() }}!</h3>
        ╵                         [32m~~~~~~~~~~~[0m

  Error occurs in the template of component Users.

    src/app/pages/users/users.ts:9:15:
[37m      9 │   templateUrl: [32m'./users.html'[37m,
        ╵                [32m~~~~~~~~~~~~~~[0m

[39m[22m
[1m[31m[31mX [41;31m[[41;97mERROR[41;31m][0m [1mTS1005: ';' expected.[0m [1m[35m[plugin angular-compiler][0m

    src/app/models/user.model.ts:10:10:
[37m      10 │       "id"[32m:[37m "3ebfc398-9c9a-4928-9c4d-ddc149c022e9",
         ╵           [32m^[0m


[31mX [41;31m[[41;97mERROR[41;31m][0m [1mTS2695: Left side of comma operator is unused and has no side effects.[0m [1m[35m[plugin angular-compiler][0m

    src/app/models/user.model.ts:10:12:
[37m      10 │       "id": [32m"3ebfc398-9c9a-4928-9c4d-ddc149c022e9"[37m,
         ╵             [32m~~~~~~~~~~~~~~~~~~~~~~~~~~~~~~~~~~~~~~[0m


[31mX [41;31m[[41;97mERROR[41;31m][0m [1mTS1005: ';' expected.[0m [1m[35m[plugin angular-compiler][0m

    src/app/models/user.model.ts:11:12:
[37m      11 │       "name"[32m:[37m "Admin",
         ╵             [32m^[0m


[31mX [41;31m[[41;97mERROR[41;31m][0m [1mTS2695: Left side of comma operator is unused and has no side effects.[0m [1m[35m[plugin angular-compiler][0m

    src/app/models/user.model.ts:11:14:
[37m      11 │       "name": [32m"Admin"[37m,
         ╵               [32m~~~~~~~[0m


[31mX [41;31m[[41;97mERROR[41;31m][0m [1mTS1005: ';' expected.[0m [1m[35m[plugin angular-compiler][0m

    src/app/models/user.model.ts:12:13:
[37m      12 │       "email"[32m:[37m "admin@email.com",
         ╵              [32m^[0m


[31mX [41;31m[[41;97mERROR[41;31m][0m [1mTS2695: Left side of comma operator is unused and has no side effects.[0m [1m[35m[plugin angular-compiler][0m

    src/app/models/user.model.ts:12:15:
[37m      12 │       "email": [32m"admin@email.com"[37m,
         ╵                [32m~~~~~~~~~~~~~~~~~[0m


[31mX [41;31m[[41;97mERROR[41;31m][0m [1mTS1005: ';' expected.[0m [1m[35m[plugin angular-compiler][0m

    src/app/models/user.model.ts:13:12:
[37m      13 │       "role"[32m:[37m "admin",
         ╵             [32m^[0m


[31mX [41;31m[[41;97mERROR[41;31m][0m [1mTS2695: Left side of comma operator is unused and has no side effects.[0m [1m[35m[plugin angular-compiler][0m

    src/app/models/user.model.ts:13:14:
[37m      13 │       "role": [32m"admin"[37m,
         ╵               [32m~~~~~~~[0m


[31mX [41;31m[[41;97mERROR[41;31m][0m [1mTS1005: ';' expected.[0m [1m[35m[plugin angular-compiler][0m

    src/app/models/user.model.ts:14:16:
[37m      14 │       "isActive"[32m:[37m true,
         ╵                 [32m^[0m


[31mX [41;31m[[41;97mERROR[41;31m][0m [1mTS2695: Left side of comma operator is unused and has no side effects.[0m [1m[35m[plugin angular-compiler][0m

    src/app/models/user.model.ts:14:18:
[37m      14 │       "isActive": [32mtrue[37m,
         ╵                   [32m~~~~[0m


[31mX [41;31m[[41;97mERROR[41;31m][0m [1mTS1005: ';' expected.[0m [1m[35m[plugin angular-compiler][0m

    src/app/models/user.model.ts:15:17:
[37m      15 │       "createdAt"[32m:[37m "2026-04-25T18:56:30.010Z",
         ╵                  [32m^[0m


[31mX [41;31m[[41;97mERROR[41;31m][0m [1mTS2695: Left side of comma operator is unused and has no side effects.[0m [1m[35m[plugin angular-compiler][0m

    src/app/models/user.model.ts:15:19:
[37m      15 │       "createdAt": [32m"2026-04-25T18:56:30.010Z"[37m,
         ╵                    [32m~~~~~~~~~~~~~~~~~~~~~~~~~~[0m


[31mX [41;31m[[41;97mERROR[41;31m][0m [1mTS1005: ';' expected.[0m [1m[35m[plugin angular-compiler][0m

    src/app/models/user.model.ts:16:17:
[37m      16 │       "updatedAt"[32m:[37m "2026-04-25T18:56:30.010Z",
         ╵                  [32m^[0m


[31mX [41;31m[[41;97mERROR[41;31m][0m [1mTS2695: Left side of comma operator is unused and has no side effects.[0m [1m[35m[plugin angular-compiler][0m

    src/app/models/user.model.ts:16:19:
[37m      16 │       "updatedAt": [32m"2026-04-25T18:56:30.010Z"[37m,
         ╵                    [32m~~~~~~~~~~~~~~~~~~~~~~~~~~[0m


[31mX [41;31m[[41;97mERROR[41;31m][0m [1mTS1005: ';' expected.[0m [1m[35m[plugin angular-compiler][0m

    src/app/models/user.model.ts:17:17:
[37m      17 │       "lastLogin"[32m:[37m null
         ╵                  [32m^[0m

[39m[22m
[1m[31m[31mX [41;31m[[41;97mERROR[41;31m][0m [1mTS2339: Property 'getUserName' does not exist on type 'AuthService'.[0m [1m[35m[plugin angular-compiler][0m

    src/app/pages/users/users.ts:19:49:
[37m      19 │   protected readonly userName = this.authService.[32mgetUserName[37m();
         ╵                                                  [32m~~~~~~~~~~~[0m

[39m[22m
[1m[31m[31mX [41;31m[[41;97mERROR[41;31m][0m [1mTS2339: Property 'userName' does not exist on type 'Users'.[0m [1m[35m[plugin angular-compiler][0m

    src/app/pages/users/users.html:5:24:
[37m      5 │       <h3>Bem-vindo, {{ [32muserName[37m || 'usuario' }}!</h3>
        ╵                         [32m~~~~~~~~[0m

  Error occurs in the template of component Users.

    src/app/pages/users/users.ts:9:15:
[37m      9 │   templateUrl: [32m'./users.html'[37m,
        ╵                [32m~~~~~~~~~~~~~~[0m

[39m[22m
[1m[31m[31mX [41;31m[[41;97mERROR[41;31m][0m [1mTS2339: Property 'userName' does not exist on type 'Users'.[0m [1m[35m[plugin angular-compiler][0m

    src/app/pages/users/users.html:5:24:
[37m      5 │       <h3>Bem-vindo, {{ [32muserName[37m || 'usuario' }}!</h3>
        ╵                         [32m~~~~~~~~[0m

  Error occurs in the template of component Users.

    src/app/pages/users/users.ts:9:15:
[37m      9 │   templateUrl: [32m'./users.html'[37m,
        ╵                [32m~~~~~~~~~~~~~~[0m

[39m[22m
[1m[31m[31mX [41;31m[[41;97mERROR[41;31m][0m [1mTS2339: Property 'userName' does not exist on type 'Users'.[0m [1m[35m[plugin angular-compiler][0m

    src/app/pages/users/users.html:5:24:
[37m      5 │       <h3>Bem-vindo, {{ [32muserName[37m || 'usuario' }}!</h3>
        ╵                         [32m~~~~~~~~[0m

  Error occurs in the template of component Users.

    src/app/pages/users/users.ts:9:15:
[37m      9 │   templateUrl: [32m'./users.html'[37m,
        ╵                [32m~~~~~~~~~~~~~~[0m

[39m[22m
[1m[31m[31mX [41;31m[[41;97mERROR[41;31m][0m [1mTS2339: Property 'authMe' does not exist on type 'Users'.[0m [1m[35m[plugin angular-compiler][0m

    src/app/pages/users/users.html:5:24:
[37m      5 │       <h3>Bem-vindo, {{ [32mauthMe[37m()?.name }}!</h3>
        ╵                         [32m~~~~~~[0m

  Error occurs in the template of component Users.

    src/app/pages/users/users.ts:9:15:
[37m      9 │   templateUrl: [32m'./users.html'[37m,
        ╵                [32m~~~~~~~~~~~~~~[0m

[39m[22m
[1m[31m[31mX [41;31m[[41;97mERROR[41;31m][0m [1mTS2339: Property 'authMe' does not exist on type 'Users'.[0m [1m[35m[plugin angular-compiler][0m

    src/app/pages/users/users.html:5:24:
[37m      5 │       <h3>Bem-vindo, {{ [32mauthMe[37m()?.name }}!</h3>
        ╵                         [32m~~~~~~[0m

  Error occurs in the template of component Users.

    src/app/pages/users/users.ts:9:15:
[37m      9 │   templateUrl: [32m'./users.html'[37m,
        ╵                [32m~~~~~~~~~~~~~~[0m

[39m[22m
[1m[31m[31mX [41;31m[[41;97mERROR[41;31m][0m [1mTS2552: Cannot find name 'Users'. Did you mean 'User'?[0m [1m[35m[plugin angular-compiler][0m

    src/app/core/services/auth.service.ts:28:19:
[37m      28 │       .get<{ data: [32mUsers[37m }>(`${this.API}/auth/me`)
         ╵                    [32m~~~~~[0m

[39m[22m
[1m[31m[31mX [41;31m[[41;97mERROR[41;31m][0m [1mTS2339: Property 'userName' does not exist on type 'Users'.[0m [1m[35m[plugin angular-compiler][0m

    src/app/pages/users/users.html:5:24:
[37m      5 │       <h3>Bem-vindo, {{ [32muserName[37m || 'usuario' }}!</h3>
        ╵                         [32m~~~~~~~~[0m

  Error occurs in the template of component Users.

    src/app/pages/users/users.ts:9:15:
[37m      9 │   templateUrl: [32m'./users.html'[37m,
        ╵                [32m~~~~~~~~~~~~~~[0m

[39m[22m
[1m[31m[31mX [41;31m[[41;97mERROR[41;31m][0m [1mTS2339: Property 'userName' does not exist on type 'Users'.[0m [1m[35m[plugin angular-compiler][0m

    src/app/pages/users/users.html:5:24:
[37m      5 │       <h3>Bem-vindo, {{ [32muserName[37m || 'usuario' }}!</h3>
        ╵                         [32m~~~~~~~~[0m

  Error occurs in the template of component Users.

    src/app/pages/users/users.ts:9:15:
[37m      9 │   templateUrl: [32m'./users.html'[37m,
        ╵                [32m~~~~~~~~~~~~~~[0m


[31mX [41;31m[[41;97mERROR[41;31m][0m [1mTS2345: Argument of type '{ data: User; }' is not assignable to parameter of type 'User'.
  Type '{ data: User; }' is missing the following properties from type 'User': id, name, email, role, and 4 more.[0m [1m[35m[plugin angular-compiler][0m

    src/app/pages/users/users.ts:28:42:
[37m      28 │       next: (user) => this.loggedUser.set([32muser[37m),
         ╵                                           [32m~~~~[0m

[39m[22m
[1m[31m[31mX [41;31m[[41;97mERROR[41;31m][0m [1mTS2339: Property 'userName' does not exist on type 'Users'.[0m [1m[35m[plugin angular-compiler][0m

    src/app/pages/users/users.html:5:24:
[37m      5 │       <h3>Bem-vindo, {{ [32muserName[37m || 'usuario' }}!</h3>
        ╵                         [32m~~~~~~~~[0m

  Error occurs in the template of component Users.

    src/app/pages/users/users.ts:9:15:
[37m      9 │   templateUrl: [32m'./users.html'[37m,
        ╵                [32m~~~~~~~~~~~~~~[0m


[31mX [41;31m[[41;97mERROR[41;31m][0m [1mTS2345: Argument of type '{ data: User; }' is not assignable to parameter of type 'User'.
  Type '{ data: User; }' is missing the following properties from type 'User': id, name, email, role, and 4 more.[0m [1m[35m[plugin angular-compiler][0m

    src/app/pages/users/users.ts:28:42:
[37m      28 │       next: (user) => this.loggedUser.set([32muser[37m),
         ╵                                           [32m~~~~[0m

[39m[22m
[1m[31m[31mX [41;31m[[41;97mERROR[41;31m][0m [1mTS2339: Property 'userName' does not exist on type 'Users'.[0m [1m[35m[plugin angular-compiler][0m

    src/app/pages/users/users.html:5:24:
[37m      5 │       <h3>Bem-vindo, {{ [32muserName[37m || 'usuario' }}!</h3>
        ╵                         [32m~~~~~~~~[0m

  Error occurs in the template of component Users.

    src/app/pages/users/users.ts:9:15:
[37m      9 │   templateUrl: [32m'./users.html'[37m,
        ╵                [32m~~~~~~~~~~~~~~[0m


[31mX [41;31m[[41;97mERROR[41;31m][0m [1mTS2345: Argument of type '{ data: User; }' is not assignable to parameter of type 'User'.
  Type '{ data: User; }' is missing the following properties from type 'User': id, name, email, role, and 4 more.[0m [1m[35m[plugin angular-compiler][0m

    src/app/pages/users/users.ts:28:42:
[37m      28 │       next: (user) => this.loggedUser.set([32muser[37m),
         ╵                                           [32m~~~~[0m

[39m[22m
[1m[31m[31mX [41;31m[[41;97mERROR[41;31m][0m [1mTS2345: Argument of type '{ data: User; }' is not assignable to parameter of type 'User'.
  Type '{ data: User; }' is missing the following properties from type 'User': id, name, email, role, and 4 more.[0m [1m[35m[plugin angular-compiler][0m

    src/app/pages/users/users.ts:28:42:
[37m      28 │       next: (user) => this.loggedUser.set([32muser[37m),
         ╵                                           [32m~~~~[0m

[39m[22m
[1m[31m[31mX [41;31m[[41;97mERROR[41;31m][0m [1mTS2339: Property 'userName' does not exist on type 'Users'.[0m [1m[35m[plugin angular-compiler][0m

    src/app/pages/users/users.html:5:24:
[37m      5 │       <h3>Bem-vindo, {{ [32muserName[37m || 'usuario' }}!</h3>
        ╵                         [32m~~~~~~~~[0m

  Error occurs in the template of component Users.

    src/app/pages/users/users.ts:9:15:
[37m      9 │   templateUrl: [32m'./users.html'[37m,
        ╵                [32m~~~~~~~~~~~~~~[0m


[31mX [41;31m[[41;97mERROR[41;31m][0m [1mTS2551: Property 'getAuthMeName' does not exist on type 'AuthService'. Did you mean 'getAuthMe'?[0m [1m[35m[plugin angular-compiler][0m

    src/app/pages/users/users.ts:27:21:
[37m      27 │     this.authService.[32mgetAuthMeName[37m().subscribe({
         ╵                      [32m~~~~~~~~~~~~~[0m

  'getAuthMe' is declared here.

    src/app/core/services/auth.service.ts:25:2:
[37m      25 │   [32mgetAuthMe[37m() {
         ╵   [32m~~~~~~~~~[0m


[31mX [41;31m[[41;97mERROR[41;31m][0m [1mTS7006: Parameter 'name' implicitly has an 'any' type.[0m [1m[35m[plugin angular-compiler][0m

    src/app/pages/users/users.ts:28:13:
[37m      28 │       next: ([32mname[37m) => this.userName.set(name),
         ╵              [32m~~~~[0m


[31mX [41;31m[[41;97mERROR[41;31m][0m [1mTS2339: Property 'userName' does not exist on type 'Users'.[0m [1m[35m[plugin angular-compiler][0m

    src/app/pages/users/users.ts:28:27:
[37m      28 │       next: (name) => this.[32muserName[37m.set(name),
         ╵                            [32m~~~~~~~~[0m

[39m[22m
[1m[31m[31mX [41;31m[[41;97mERROR[41;31m][0m [1mTS2339: Property 'userName' does not exist on type 'Users'.[0m [1m[35m[plugin angular-compiler][0m

    src/app/pages/users/users.html:5:24:
[37m      5 │       <h3>Bem-vindo, {{ [32muserName[37m || 'usuario' }}!</h3>
        ╵                         [32m~~~~~~~~[0m

  Error occurs in the template of component Users.

    src/app/pages/users/users.ts:9:15:
[37m      9 │   templateUrl: [32m'./users.html'[37m,
        ╵                [32m~~~~~~~~~~~~~~[0m


[31mX [41;31m[[41;97mERROR[41;31m][0m [1mTS2339: Property 'userName' does not exist on type 'Users'.[0m [1m[35m[plugin angular-compiler][0m

    src/app/pages/users/users.ts:28:28:
[37m      28 │        next: (name) => this.[32muserName[37m.set(name),
         ╵                             [32m~~~~~~~~[0m

[39m[22m
[1m[31m[31mX [41;31m[[41;97mERROR[41;31m][0m [1mTS2339: Property 'userName' does not exist on type 'Users'.[0m [1m[35m[plugin angular-compiler][0m

    src/app/pages/users/users.html:5:24:
[37m      5 │       <h3>Bem-vindo, {{ [32muserName[37m || 'usuario' }}!</h3>
        ╵                         [32m~~~~~~~~[0m

  Error occurs in the template of component Users.

    src/app/pages/users/users.ts:9:15:
[37m      9 │   templateUrl: [32m'./users.html'[37m,
        ╵                [32m~~~~~~~~~~~~~~[0m


[31mX [41;31m[[41;97mERROR[41;31m][0m [1mTS2345: Argument of type '{ data: User; }' is not assignable to parameter of type 'User'.
  Type '{ data: User; }' is missing the following properties from type 'User': id, name, email, role, and 4 more.[0m [1m[35m[plugin angular-compiler][0m

    src/app/pages/users/users.ts:28:42:
[37m      28 │       next: (user) => this.loggedUser.set([32muser[37m),
         ╵                                           [32m~~~~[0m

[39m[22m
[1m[31m[31mX [41;31m[[41;97mERROR[41;31m][0m [1mTS2339: Property 'userName' does not exist on type 'Users'.[0m [1m[35m[plugin angular-compiler][0m

    src/app/pages/users/users.html:5:24:
[37m      5 │       <h3>Bem-vindo, {{ [32muserName[37m || 'usuario' }}!</h3>
        ╵                         [32m~~~~~~~~[0m

  Error occurs in the template of component Users.

    src/app/pages/users/users.ts:9:15:
[37m      9 │   templateUrl: [32m'./users.html'[37m,
        ╵                [32m~~~~~~~~~~~~~~[0m


[31mX [41;31m[[41;97mERROR[41;31m][0m [1mTS2693: 'User' only refers to a type, but is being used as a value here.[0m [1m[35m[plugin angular-compiler][0m

    src/app/pages/users/users.ts:19:41:
[37m      19 │   protected readonly loggedUser = signal<[32mUser[37m;
         ╵                                          [32m~~~~[0m


[31mX [41;31m[[41;97mERROR[41;31m][0m [1mTS2339: Property 'set' does not exist on type 'boolean'.[0m [1m[35m[plugin angular-compiler][0m

    src/app/pages/users/users.ts:28:38:
[37m      28 │       next: (user) => this.loggedUser.[32mset[37m(user),
         ╵                                       [32m~~~[0m

[39m[22m
[1m[31m[31mX [41;31m[[41;97mERROR[41;31m][0m [1mTS2339: Property 'userName' does not exist on type 'Users'.[0m [1m[35m[plugin angular-compiler][0m

    src/app/pages/users/users.html:5:24:
[37m      5 │       <h3>Bem-vindo, {{ [32muserName[37m || 'usuario' }}!</h3>
        ╵                         [32m~~~~~~~~[0m

  Error occurs in the template of component Users.

    src/app/pages/users/users.ts:9:15:
[37m      9 │   templateUrl: [32m'./users.html'[37m,
        ╵                [32m~~~~~~~~~~~~~~[0m


[31mX [41;31m[[41;97mERROR[41;31m][0m [1mTS2339: Property 'set' does not exist on type '(initialValue: User, options?: CreateSignalOptions<User> | undefined) => WritableSignal<User>'.[0m [1m[35m[plugin angular-compiler][0m

    src/app/pages/users/users.ts:28:38:
[37m      28 │       next: (user) => this.loggedUser.[32mset[37m(user),
         ╵                                       [32m~~~[0m

[39m[22m
[1m[31m[31mX [41;31m[[41;97mERROR[41;31m][0m [1mTS2339: Property 'userName' does not exist on type 'Users'.[0m [1m[35m[plugin angular-compiler][0m

    src/app/pages/users/users.html:5:24:
[37m      5 │       <h3>Bem-vindo, {{ [32muserName[37m || 'usuario' }}!</h3>
        ╵                         [32m~~~~~~~~[0m

  Error occurs in the template of component Users.

    src/app/pages/users/users.ts:9:15:
[37m      9 │   templateUrl: [32m'./users.html'[37m,
        ╵                [32m~~~~~~~~~~~~~~[0m


[31mX [41;31m[[41;97mERROR[41;31m][0m [1mTS2345: Argument of type '{ data: User; }' is not assignable to parameter of type 'User'.
  Type '{ data: User; }' is missing the following properties from type 'User': id, name, email, role, and 4 more.[0m [1m[35m[plugin angular-compiler][0m

    src/app/pages/users/users.ts:28:42:
[37m      28 │       next: (user) => this.loggedUser.set([32muser[37m),
         ╵                                           [32m~~~~[0m

[39m[22m
[1m[31m[31mX [41;31m[[41;97mERROR[41;31m][0m [1mTS2552: Cannot find name 'map'. Did you mean 'Map'?[0m [1m[35m[plugin angular-compiler][0m

    src/app/core/services/auth.service.ts:26:69:
[37m      26 │ ...data: User }>(`${this.API}/auth/me`).pipe([32mmap[37m((res) => res.data));
         ╵                                              [32m~~~[0m

  'Map' is declared here.

    node_modules/typescript/lib/lib.es2015.collection.d.ts:53:12:
[37m      53 │ declare var [32mMap[37m: MapConstructor;
         ╵             [32m~~~[0m


[31mX [41;31m[[41;97mERROR[41;31m][0m [1mTS7006: Parameter 'res' implicitly has an 'any' type.[0m [1m[35m[plugin angular-compiler][0m

    src/app/core/services/auth.service.ts:26:74:
[37m      26 │ ...data: User }>(`${this.API}/auth/me`).pipe(map(([32mres[37m) => res.data));
         ╵                                                   [32m~~~[0m


[31mX [41;31m[[41;97mERROR[41;31m][0m [1mTS2339: Property 'userName' does not exist on type 'Users'.[0m [1m[35m[plugin angular-compiler][0m

    src/app/pages/users/users.html:5:24:
[37m      5 │       <h3>Bem-vindo, {{ [32muserName[37m || 'usuario' }}!</h3>
        ╵                         [32m~~~~~~~~[0m

  Error occurs in the template of component Users.

    src/app/pages/users/users.ts:9:15:
[37m      9 │   templateUrl: [32m'./users.html'[37m,
        ╵                [32m~~~~~~~~~~~~~~[0m


[31mX [41;31m[[41;97mERROR[41;31m][0m [1mTS2345: Argument of type 'unknown' is not assignable to parameter of type 'User | null'.[0m [1m[35m[plugin angular-compiler][0m

    src/app/pages/users/users.ts:28:42:
[37m      28 │       next: (user) => this.loggedUser.set([32muser[37m),
         ╵                                           [32m~~~~[0m

[39m[22m
[1m[31m[31mX [41;31m[[41;97mERROR[41;31m][0m [1mTS2339: Property 'userName' does not exist on type 'Users'.[0m [1m[35m[plugin angular-compiler][0m

    src/app/pages/users/users.html:5:24:
[37m      5 │       <h3>Bem-vindo, {{ [32muserName[37m || 'usuario' }}!</h3>
        ╵                         [32m~~~~~~~~[0m

  Error occurs in the template of component Users.

    src/app/pages/users/users.ts:9:15:
[37m      9 │   templateUrl: [32m'./users.html'[37m,
        ╵                [32m~~~~~~~~~~~~~~[0m

[39m[22m
[1m[31m[31mX [41;31m[[41;97mERROR[41;31m][0m [1mTS2339: Property 'userName' does not exist on type 'Users'.[0m [1m[35m[plugin angular-compiler][0m

    src/app/pages/users/users.html:5:24:
[37m      5 │       <h3>Bem-vindo, {{ [32muserName[37m || 'usuario' }}!</h3>
        ╵                         [32m~~~~~~~~[0m

  Error occurs in the template of component Users.

    src/app/pages/users/users.ts:9:15:
[37m      9 │   templateUrl: [32m'./users.html'[37m,
        ╵                [32m~~~~~~~~~~~~~~[0m

[39m[22m
[1m[31m[31mX [41;31m[[41;97mERROR[41;31m][0m [1mTS2339: Property 'userName' does not exist on type 'Users'.[0m [1m[35m[plugin angular-compiler][0m

    src/app/pages/users/users.html:5:24:
[37m      5 │       <h3>Bem-vindo, {{ [32muserName[37m || 'usuario' }}!</h3>
        ╵                         [32m~~~~~~~~[0m

  Error occurs in the template of component Users.

    src/app/pages/users/users.ts:9:15:
[37m      9 │   templateUrl: [32m'./users.html'[37m,
        ╵                [32m~~~~~~~~~~~~~~[0m

[39m[22m
