[1m[31m[31mX [41;31m[[41;97mERROR[41;31m][0m [1mTS2339: Property 'logout' does not exist on type 'Users'.[0m [1m[35m[plugin angular-compiler][0m

    src/app/pages/users/users.html:5:26:
[37m      5 │       <a href="" (click)="[32mlogout[37m()">Sair</a>
        ╵                           [32m~~~~~~[0m

  Error occurs in the template of component Users.

    src/app/pages/users/users.ts:7:15:
[37m      7 │   templateUrl: [32m'./users.html'[37m,
        ╵                [32m~~~~~~~~~~~~~~[0m

[39m[22m
[1m[31m[31mX [41;31m[[41;97mERROR[41;31m][0m [1mTS2339: Property 'logout' does not exist on type 'Users'.[0m [1m[35m[plugin angular-compiler][0m

    src/app/pages/users/users.html:5:26:
[37m      5 │       <a href="" (click)="[32mlogout[37m()">Sair</a>
        ╵                           [32m~~~~~~[0m

  Error occurs in the template of component Users.

    src/app/pages/users/users.ts:7:15:
[37m      7 │   templateUrl: [32m'./users.html'[37m,
        ╵                [32m~~~~~~~~~~~~~~[0m

[39m[22m
[1m[31m[31mX [41;31m[[41;97mERROR[41;31m][0m [1mTS2307: Cannot find module '../../services/auth.service' or its corresponding type declarations.[0m [1m[35m[plugin angular-compiler][0m

    src/app/pages/users/users.ts:4:23:
[37m      4 │ import { Logout } from [32m'../../services/auth.service'[37m;
        ╵                        [32m~~~~~~~~~~~~~~~~~~~~~~~~~~~~~[0m

[39m[22m
